<?xml version="1.0" encoding="utf-8"?><testsuites name="pytest tests"><testsuite name="pytest" errors="0" failures="0" skipped="0" tests="3" time="0.366" timestamp="2026-05-27T14:36:06.832576-04:00" hostname="Aidans-MacBook-Pro-557.local"><testcase classname="aria_pi.tests.test_source_tagger" name="test_validate_claim_success" time="0.001" /><testcase classname="aria_pi.tests.test_source_tagger" name="test_validate_claim_failure_due_to_blocklist" time="0.000" /><testcase classname="aria_pi.tests.test_source_tagger" name="test_tag_or_flag_applies_unverified_flag" time="0.000" /></testsuite></testsuites>